<?xml version="1.0" encoding="UTF-8"?>
<!-- Generated by org.testng.reporters.JUnitReportReporter -->
<testsuite hostname="LAPTOP-S7GF0LFL" failures="0" tests="4" name="api.test.UsersTest" time="11.959" errors="0" timestamp="2023-07-19T13:23:23 IST" skipped="0">
  <testcase classname="api.test.UsersTest" name="testPostUser" time="6.800"/>
  <system-out/>
  <testcase classname="api.test.UsersTest" name="getuserByName" time="1.398"/>
  <system-out/>
  <testcase classname="api.test.UsersTest" name="testUpdateUserByName" time="2.533"/>
  <system-out/>
  <testcase classname="api.test.UsersTest" name="testDeleteUserByName" time="1.228"/>
  <system-out/>
</testsuite> <!-- api.test.UsersTest -->
