<?xml version="1.0" encoding="UTF-8"?>
<!-- Generated by org.testng.reporters.JUnitReportReporter -->
<testsuite hostname="LAPTOP-S7GF0LFL" failures="0" tests="6" name="api.test.DDTests" time="12.161" errors="0" timestamp="2023-07-19T22:55:30 IST" skipped="0">
  <testcase classname="api.test.DDTests" name="testPostuser" time="1.265"/>
  <system-out/>
  <testcase classname="api.test.DDTests" name="testPostuser" time="5.867"/>
  <system-out/>
  <testcase classname="api.test.DDTests" name="testPostuser" time="1.240"/>
  <system-out/>
  <testcase classname="api.test.DDTests" name="testDeleteUserByName" time="1.227"/>
  <system-out/>
  <testcase classname="api.test.DDTests" name="testDeleteUserByName" time="1.292"/>
  <system-out/>
  <testcase classname="api.test.DDTests" name="testDeleteUserByName" time="1.270"/>
  <system-out/>
</testsuite> <!-- api.test.DDTests -->
