<?xml version="1.0" encoding="UTF-8"?>
<!-- Generated by org.testng.reporters.JUnitReportReporter -->
<testsuite hostname="LAPTOP-S7GF0LFL" failures="0" tests="4" name="api.test.UsersTest" time="5.966" errors="0" timestamp="2023-07-20T12:36:38 IST" skipped="0">
  <testcase classname="api.test.UsersTest" name="testPostUser" time="1.282"/>
  <system-out/>
  <testcase classname="api.test.UsersTest" name="getuserByName" time="1.211"/>
  <system-out/>
  <testcase classname="api.test.UsersTest" name="testUpdateUserByName" time="2.326"/>
  <system-out/>
  <testcase classname="api.test.UsersTest" name="testDeleteUserByName" time="1.147"/>
  <system-out/>
</testsuite> <!-- api.test.UsersTest -->
