<?xml version="1.0" encoding="UTF-8"?>
<!-- Generated by org.testng.reporters.JUnitReportReporter -->
<testsuite hostname="LAPTOP-S7GF0LFL" failures="0" tests="6" name="api.test.DDTests" time="10.506" errors="0" timestamp="2023-07-20T12:36:38 IST" skipped="0">
  <testcase classname="api.test.DDTests" name="testPostuser" time="1.268"/>
  <system-out/>
  <testcase classname="api.test.DDTests" name="testPostuser" time="4.537"/>
  <system-out/>
  <testcase classname="api.test.DDTests" name="testPostuser" time="1.179"/>
  <system-out/>
  <testcase classname="api.test.DDTests" name="testDeleteUserByName" time="1.201"/>
  <system-out/>
  <testcase classname="api.test.DDTests" name="testDeleteUserByName" time="1.173"/>
  <system-out/>
  <testcase classname="api.test.DDTests" name="testDeleteUserByName" time="1.148"/>
  <system-out/>
</testsuite> <!-- api.test.DDTests -->
